<?xml version="1.0" encoding="UTF-8"?>
<!-- Generated by org.testng.reporters.JUnitReportReporter -->
<testsuite skipped="0" hostname="DESKTOP-FBK5PRP" name="tests.KBCTest" tests="4" failures="0" timestamp="2019-11-06T13:16:35 GMT" time="0.487" errors="0">
  <testcase name="doesPriceMatch" time="0.143" classname="tests.KBCTest"/>
  <testcase name="doesPriceNotMatch" time="0.031" classname="tests.KBCTest"/>
  <testcase name="isLeftPanelListIncluded" time="0.090" classname="tests.KBCTest"/>
  <testcase name="isCopywrightFooterPresent" time="0.223" classname="tests.KBCTest"/>
</testsuite> <!-- tests.KBCTest -->
