<?xml version="1.0" encoding="UTF-8"?>
<!-- Generated by org.testng.reporters.JUnitReportReporter -->
<testsuite skipped="0" hostname="DESKTOP-FBK5PRP" name="tests.NewTest" tests="1" failures="0" timestamp="2019-11-05T14:22:09 GMT" time="3.054" errors="0">
  <testcase name="f" time="3.054" classname="tests.NewTest"/>
</testsuite> <!-- tests.NewTest -->
